<?xml version="1.0" encoding="UTF-8"?>
<!-- Generated by org.testng.reporters.JUnitReportReporter -->
<testsuite hostname="DESKTOP-LN4QVHI" failures="0" tests="6" name="com.qelead.tests.LoginTest" time="12.420" errors="0" timestamp="2026-05-22T17:06:53 EDT" skipped="0">
  <testcase classname="com.qelead.tests.LoginTest" name="testAddToCart" time="3.030"/>
  <testcase classname="com.qelead.tests.LoginTest" name="testInventoryItemCount" time="2.010"/>
  <testcase classname="com.qelead.tests.LoginTest" name="testValidLogin" time="1.800"/>
  <testcase classname="com.qelead.tests.LoginTest" name="testEmptyUsername" time="1.841"/>
  <testcase classname="com.qelead.tests.LoginTest" name="testInvalidPassword" time="1.816"/>
  <testcase classname="com.qelead.tests.LoginTest" name="testLockedOutUser" time="1.923"/>
</testsuite> <!-- com.qelead.tests.LoginTest -->
