<?xml version="1.0" encoding="UTF-8"?>
<!-- Generated by org.testng.reporters.JUnitReportReporter -->
<testsuite hostname="DESKTOP-LN4QVHI" failures="0" tests="6" name="com.qelead.tests.LoginTest" time="22.014" errors="0" timestamp="2026-05-22T09:37:48 EDT" skipped="0">
  <testcase classname="com.qelead.tests.LoginTest" name="testInventoryItemCount" time="3.847"/>
  <testcase classname="com.qelead.tests.LoginTest" name="testAddToCart" time="3.599"/>
  <testcase classname="com.qelead.tests.LoginTest" name="testInvalidPassword" time="3.439"/>
  <testcase classname="com.qelead.tests.LoginTest" name="testValidLogin" time="3.519"/>
  <testcase classname="com.qelead.tests.LoginTest" name="testLockedOutUser" time="3.621"/>
  <testcase classname="com.qelead.tests.LoginTest" name="testEmptyUsername" time="3.989"/>
</testsuite> <!-- com.qelead.tests.LoginTest -->
