<?xml version="1.0" encoding="UTF-8"?>
<testng-results ignored="0" total="6" passed="6" failed="0" skipped="0">
  <reporter-output>
  </reporter-output>
  <suite started-at="2026-05-22T17:06:40 EDT" name="Selenium Retail Suite" finished-at="2026-05-22T17:06:53 EDT" duration-ms="12553">
    <groups>
    </groups>
    <test started-at="2026-05-22T17:06:40 EDT" name="Login Tests" finished-at="2026-05-22T17:06:53 EDT" duration-ms="12553">
      <class name="com.qelead.tests.LoginTest">
        <test-method is-config="true" signature="setUp()[pri:0, instance:com.qelead.tests.LoginTest@75d3a5e0]" started-at="2026-05-22T17:06:40 EDT" name="setUp" finished-at="2026-05-22T17:06:42 EDT" duration-ms="1248" status="PASS">
          <reporter-output>
          </reporter-output>
        </test-method> <!-- setUp -->
        <test-method signature="testAddToCart()[pri:0, instance:com.qelead.tests.LoginTest@75d3a5e0]" started-at="2026-05-22T17:06:42 EDT" name="testAddToCart" finished-at="2026-05-22T17:06:43 EDT" duration-ms="1622" status="PASS">
          <reporter-output>
          </reporter-output>
        </test-method> <!-- testAddToCart -->
        <test-method is-config="true" signature="tearDown()[pri:0, instance:com.qelead.tests.LoginTest@75d3a5e0]" started-at="2026-05-22T17:06:43 EDT" name="tearDown" finished-at="2026-05-22T17:06:44 EDT" duration-ms="150" status="PASS">
          <reporter-output>
          </reporter-output>
        </test-method> <!-- tearDown -->
        <test-method is-config="true" signature="setUp()[pri:0, instance:com.qelead.tests.LoginTest@75d3a5e0]" started-at="2026-05-22T17:06:44 EDT" name="setUp" finished-at="2026-05-22T17:06:44 EDT" duration-ms="729" status="PASS">
          <reporter-output>
          </reporter-output>
        </test-method> <!-- setUp -->
        <test-method signature="testEmptyUsername()[pri:0, instance:com.qelead.tests.LoginTest@75d3a5e0]" started-at="2026-05-22T17:06:44 EDT" name="testEmptyUsername" finished-at="2026-05-22T17:06:45 EDT" duration-ms="874" status="PASS">
          <reporter-output>
          </reporter-output>
        </test-method> <!-- testEmptyUsername -->
        <test-method is-config="true" signature="tearDown()[pri:0, instance:com.qelead.tests.LoginTest@75d3a5e0]" started-at="2026-05-22T17:06:45 EDT" name="tearDown" finished-at="2026-05-22T17:06:45 EDT" duration-ms="193" status="PASS">
          <reporter-output>
          </reporter-output>
        </test-method> <!-- tearDown -->
        <test-method is-config="true" signature="setUp()[pri:0, instance:com.qelead.tests.LoginTest@75d3a5e0]" started-at="2026-05-22T17:06:45 EDT" name="setUp" finished-at="2026-05-22T17:06:46 EDT" duration-ms="797" status="PASS">
          <reporter-output>
          </reporter-output>
        </test-method> <!-- setUp -->
        <test-method signature="testInvalidPassword()[pri:0, instance:com.qelead.tests.LoginTest@75d3a5e0]" started-at="2026-05-22T17:06:46 EDT" name="testInvalidPassword" finished-at="2026-05-22T17:06:47 EDT" duration-ms="937" status="PASS">
          <reporter-output>
          </reporter-output>
        </test-method> <!-- testInvalidPassword -->
        <test-method is-config="true" signature="tearDown()[pri:0, instance:com.qelead.tests.LoginTest@75d3a5e0]" started-at="2026-05-22T17:06:47 EDT" name="tearDown" finished-at="2026-05-22T17:06:47 EDT" duration-ms="160" status="PASS">
          <reporter-output>
          </reporter-output>
        </test-method> <!-- tearDown -->
        <test-method is-config="true" signature="setUp()[pri:0, instance:com.qelead.tests.LoginTest@75d3a5e0]" started-at="2026-05-22T17:06:47 EDT" name="setUp" finished-at="2026-05-22T17:06:48 EDT" duration-ms="753" status="PASS">
          <reporter-output>
          </reporter-output>
        </test-method> <!-- setUp -->
        <test-method signature="testInventoryItemCount()[pri:0, instance:com.qelead.tests.LoginTest@75d3a5e0]" started-at="2026-05-22T17:06:48 EDT" name="testInventoryItemCount" finished-at="2026-05-22T17:06:49 EDT" duration-ms="960" status="PASS">
          <reporter-output>
          </reporter-output>
        </test-method> <!-- testInventoryItemCount -->
        <test-method is-config="true" signature="tearDown()[pri:0, instance:com.qelead.tests.LoginTest@75d3a5e0]" started-at="2026-05-22T17:06:49 EDT" name="tearDown" finished-at="2026-05-22T17:06:49 EDT" duration-ms="163" status="PASS">
          <reporter-output>
          </reporter-output>
        </test-method> <!-- tearDown -->
        <test-method is-config="true" signature="setUp()[pri:0, instance:com.qelead.tests.LoginTest@75d3a5e0]" started-at="2026-05-22T17:06:49 EDT" name="setUp" finished-at="2026-05-22T17:06:50 EDT" duration-ms="857" status="PASS">
          <reporter-output>
          </reporter-output>
        </test-method> <!-- setUp -->
        <test-method signature="testLockedOutUser()[pri:0, instance:com.qelead.tests.LoginTest@75d3a5e0]" started-at="2026-05-22T17:06:50 EDT" name="testLockedOutUser" finished-at="2026-05-22T17:06:51 EDT" duration-ms="1007" status="PASS">
          <reporter-output>
          </reporter-output>
        </test-method> <!-- testLockedOutUser -->
        <test-method is-config="true" signature="tearDown()[pri:0, instance:com.qelead.tests.LoginTest@75d3a5e0]" started-at="2026-05-22T17:06:51 EDT" name="tearDown" finished-at="2026-05-22T17:06:51 EDT" duration-ms="144" status="PASS">
          <reporter-output>
          </reporter-output>
        </test-method> <!-- tearDown -->
        <test-method is-config="true" signature="setUp()[pri:0, instance:com.qelead.tests.LoginTest@75d3a5e0]" started-at="2026-05-22T17:06:51 EDT" name="setUp" finished-at="2026-05-22T17:06:52 EDT" duration-ms="689" status="PASS">
          <reporter-output>
          </reporter-output>
        </test-method> <!-- setUp -->
        <test-method signature="testValidLogin()[pri:0, instance:com.qelead.tests.LoginTest@75d3a5e0]" started-at="2026-05-22T17:06:52 EDT" name="testValidLogin" finished-at="2026-05-22T17:06:53 EDT" duration-ms="967" status="PASS">
          <reporter-output>
          </reporter-output>
        </test-method> <!-- testValidLogin -->
        <test-method is-config="true" signature="tearDown()[pri:0, instance:com.qelead.tests.LoginTest@75d3a5e0]" started-at="2026-05-22T17:06:53 EDT" name="tearDown" finished-at="2026-05-22T17:06:53 EDT" duration-ms="170" status="PASS">
          <reporter-output>
          </reporter-output>
        </test-method> <!-- tearDown -->
      </class> <!-- com.qelead.tests.LoginTest -->
    </test> <!-- Login Tests -->
  </suite> <!-- Selenium Retail Suite -->
</testng-results>
