<?xml version="1.0" encoding="UTF-8"?>
<!-- Generated by org.testng.reporters.JUnitXMLReporter -->
<testsuite ignored="0" hostname="DESKTOP-LN4QVHI" failures="0" tests="6" name="Login Tests" time="22.282" errors="0" timestamp="2026-05-22T09:37:48 EDT">
  <testcase classname="com.qelead.tests.LoginTest" name="testAddToCart" time="1.524"/>
  <testcase classname="com.qelead.tests.LoginTest" name="testEmptyUsername" time="2.481"/>
  <testcase classname="com.qelead.tests.LoginTest" name="testInvalidPassword" time="1.965"/>
  <testcase classname="com.qelead.tests.LoginTest" name="testInventoryItemCount" time="1.849"/>
  <testcase classname="com.qelead.tests.LoginTest" name="testLockedOutUser" time="1.782"/>
  <testcase classname="com.qelead.tests.LoginTest" name="testValidLogin" time="2.148"/>
</testsuite> <!-- Login Tests -->
