<?xml version="1.0" encoding="UTF-8"?>
<!-- Generated by org.testng.reporters.JUnitXMLReporter -->
<testsuite ignored="0" hostname="DESKTOP-LN4QVHI" failures="0" tests="6" name="Login Tests" time="12.553" errors="0" timestamp="2026-05-22T17:06:53 EDT">
  <testcase classname="com.qelead.tests.LoginTest" name="testAddToCart" time="1.622"/>
  <testcase classname="com.qelead.tests.LoginTest" name="testEmptyUsername" time="0.874"/>
  <testcase classname="com.qelead.tests.LoginTest" name="testInvalidPassword" time="0.937"/>
  <testcase classname="com.qelead.tests.LoginTest" name="testInventoryItemCount" time="0.96"/>
  <testcase classname="com.qelead.tests.LoginTest" name="testLockedOutUser" time="1.007"/>
  <testcase classname="com.qelead.tests.LoginTest" name="testValidLogin" time="0.967"/>
</testsuite> <!-- Login Tests -->
